<?xml version="1.0" encoding="UTF-8"?>
<!-- Generated by org.testng.reporters.JUnitXMLReporter -->
<testsuite hostname="Musa-Air.attlocal.net" ignored="4" name="Smoke Test" tests="1" failures="0" timestamp="2020-09-06T00:41:19 EDT" time="14.301" errors="0">
  <testcase name="validLogin" time="4.207" classname="com.syntax.class03.GroupsExample"/>
  <testcase name="multipleLogin" time="0.0" classname="com.syntax.class03.LoginPageTest">
    <ignored/>
  </testcase> <!-- multipleLogin -->
  <testcase name="validLogin" time="0.0" classname="com.syntax.class03.Test">
    <ignored/>
  </testcase> <!-- validLogin -->
  <testcase name="addEmployee" time="0.0" classname="com.syntax.class03.HomeWork">
    <ignored/>
  </testcase> <!-- addEmployee -->
  <testcase name="invalidLogin" time="0.0" classname="com.syntax.class03.GroupsExample">
    <ignored/>
  </testcase> <!-- invalidLogin -->
</testsuite> <!-- Smoke Test -->
